<?xml version="1.0" encoding="UTF-8" ?>
<testsuite tests="1" failures="1" name="Game21Test" time="0.003" errors="0" skipped="0">
  <properties>
    <property name="idea.version" value="2023.1.1"/>
    <property name="java.runtime.name" value="Java(TM) SE Runtime Environment"/>
    <property name="java.vm.version" value="17.0.7+8-LTS-224"/>
    <property name="sun.boot.library.path" value="/Library/Java/JavaVirtualMachines/jdk-17.jdk/Contents/Home/lib"/>
    <property name="maven.multiModuleProjectDirectory" value="/Users/nikolalex2020/Downloads/game21"/>
    <property name="java.vm.vendor" value="Oracle Corporation"/>
    <property name="java.vendor.url" value="https://java.oracle.com/"/>
    <property name="guice.disable.misplaced.annotation.check" value="true"/>
    <property name="path.separator" value=":"/>
    <property name="java.vm.name" value="Java HotSpot(TM) 64-Bit Server VM"/>
    <property name="user.country" value="NO"/>
    <property name="sun.java.launcher" value="SUN_STANDARD"/>
    <property name="java.vm.specification.name" value="Java Virtual Machine Specification"/>
    <property name="user.dir" value="/Users/nikolalex2020/Downloads/game21"/>
    <property name="java.vm.compressedOopsMode" value="Zero based"/>
    <property name="java.runtime.version" value="17.0.7+8-LTS-224"/>
    <property name="os.arch" value="aarch64"/>
    <property name="java.io.tmpdir" value="/var/folders/7c/zhnb6gp11qv8m53kx_7kyysm0000gn/T/"/>
    <property name="line.separator" value="
"/>
    <property name="java.vm.specification.vendor" value="Oracle Corporation"/>
    <property name="os.name" value="Mac OS X"/>
    <property name="maven.ext.class.path" value="/private/var/folders/7c/zhnb6gp11qv8m53kx_7kyysm0000gn/T/AppTranslocation/F12F02F5-8A3B-4885-87D0-159499705D8D/d/IntelliJ IDEA CE.app/Contents/plugins/maven/lib/maven-event-listener.jar"/>
    <property name="classworlds.conf" value="/private/var/folders/7c/zhnb6gp11qv8m53kx_7kyysm0000gn/T/AppTranslocation/F12F02F5-8A3B-4885-87D0-159499705D8D/d/IntelliJ IDEA CE.app/Contents/plugins/maven/lib/maven3/bin/m2.conf"/>
    <property name="sun.jnu.encoding" value="UTF-8"/>
    <property name="java.library.path" value="/Users/nikolalex2020/Library/Java/Extensions:/Library/Java/Extensions:/Network/Library/Java/Extensions:/System/Library/Java/Extensions:/usr/lib/java:."/>
    <property name="jansi.passthrough" value="true"/>
    <property name="maven.conf" value="/private/var/folders/7c/zhnb6gp11qv8m53kx_7kyysm0000gn/T/AppTranslocation/F12F02F5-8A3B-4885-87D0-159499705D8D/d/IntelliJ IDEA CE.app/Contents/plugins/maven/lib/maven3/conf"/>
    <property name="jdk.debug" value="release"/>
    <property name="java.class.version" value="61.0"/>
    <property name="java.specification.name" value="Java Platform API Specification"/>
    <property name="sun.management.compiler" value="HotSpot 64-Bit Tiered Compilers"/>
    <property name="os.version" value="12.6.3"/>
    <property name="http.nonProxyHosts" value="local|*.local|169.254/16|*.169.254/16"/>
    <property name="user.home" value="/Users/nikolalex2020"/>
    <property name="user.timezone" value="Europe/Oslo"/>
    <property name="file.encoding" value="UTF-8"/>
    <property name="java.specification.version" value="17"/>
    <property name="user.name" value="nikolalex2020"/>
    <property name="java.class.path" value="/private/var/folders/7c/zhnb6gp11qv8m53kx_7kyysm0000gn/T/AppTranslocation/F12F02F5-8A3B-4885-87D0-159499705D8D/d/IntelliJ IDEA CE.app/Contents/plugins/maven/lib/maven3/boot/plexus-classworlds-2.6.0.jar:/private/var/folders/7c/zhnb6gp11qv8m53kx_7kyysm0000gn/T/AppTranslocation/F12F02F5-8A3B-4885-87D0-159499705D8D/d/IntelliJ IDEA CE.app/Contents/plugins/maven/lib/maven3/boot/plexus-classworlds.license"/>
    <property name="java.vm.specification.version" value="17"/>
    <property name="sun.arch.data.model" value="64"/>
    <property name="sun.java.command" value="org.codehaus.classworlds.Launcher -Didea.version=2023.1.1 install"/>
    <property name="java.home" value="/Library/Java/JavaVirtualMachines/jdk-17.jdk/Contents/Home"/>
    <property name="user.language" value="en"/>
    <property name="java.specification.vendor" value="Oracle Corporation"/>
    <property name="java.vm.info" value="mixed mode, sharing"/>
    <property name="java.version" value="17.0.7"/>
    <property name="native.encoding" value="UTF-8"/>
    <property name="java.vendor" value="Oracle Corporation"/>
    <property name="maven.home" value="/private/var/folders/7c/zhnb6gp11qv8m53kx_7kyysm0000gn/T/AppTranslocation/F12F02F5-8A3B-4885-87D0-159499705D8D/d/IntelliJ IDEA CE.app/Contents/plugins/maven/lib/maven3"/>
    <property name="file.separator" value="/"/>
    <property name="java.version.date" value="2023-04-18"/>
    <property name="java.vendor.url.bug" value="https://bugreport.java.com/bugreport/"/>
    <property name="sun.io.unicode.encoding" value="UnicodeBig"/>
    <property name="sun.cpu.endian" value="little"/>
    <property name="socksNonProxyHosts" value="local|*.local|169.254/16|*.169.254/16"/>
    <property name="ftp.nonProxyHosts" value="local|*.local|169.254/16|*.169.254/16"/>
  </properties>
  <testcase classname="Game21Test" name="Game21Test.testSemBlackjack" time="0.003">
    <failure message="java.nio.file.NoSuchFileException: file:/Users/nikolalex2020/Downloads/game21/target/classes/testSemBlackjack.txt" type="java.lang.RuntimeException">java.lang.RuntimeException: java.nio.file.NoSuchFileException: file:/Users/nikolalex2020/Downloads/game21/target/classes/testSemBlackjack.txt
	at org.example.Game21.initDeck(Game21.java:35)
	at org.example.Game21.&lt;init&gt;(Game21.java:24)
	at Game21Test.testSemBlackjack(Game21Test.java:20)
Caused by: java.nio.file.NoSuchFileException: file:/Users/nikolalex2020/Downloads/game21/target/classes/testSemBlackjack.txt
	at java.base/sun.nio.fs.UnixException.translateToIOException(UnixException.java:92)
	at java.base/sun.nio.fs.UnixException.rethrowAsIOException(UnixException.java:106)
	at java.base/sun.nio.fs.UnixException.rethrowAsIOException(UnixException.java:111)
	at java.base/sun.nio.fs.UnixFileSystemProvider.newByteChannel(UnixFileSystemProvider.java:218)
	at java.base/java.nio.file.Files.newByteChannel(Files.java:380)
	at java.base/java.nio.file.Files.newByteChannel(Files.java:432)
	at java.base/java.nio.file.spi.FileSystemProvider.newInputStream(FileSystemProvider.java:422)
	at java.base/java.nio.file.Files.newInputStream(Files.java:160)
	at java.base/java.nio.file.Files.newBufferedReader(Files.java:2922)
	at java.base/java.nio.file.Files.readAllLines(Files.java:3412)
	at java.base/java.nio.file.Files.readAllLines(Files.java:3453)
	at org.example.Game21.initDeck(Game21.java:32)
	... 20 more
</failure>
  </testcase>
</testsuite>